Local Wallet/libLW/build 2/intermediates/manifest_merge_blame_file/debug/manifest-merger-blame-debug-report.txt
1<?xml version="1.0" encoding="utf-8"?>
2<manifest xmlns:android="http://schemas.android.com/apk/res/android"
3    xmlns:tools="http://schemas.android.com/tools"
4    package="thesis.progetto.liblw" >
5
6    <uses-sdk
7        android:minSdkVersion="21"
7-->src/main/AndroidManifest.xml
8        android:targetSdkVersion="32" />
8-->src/main/AndroidManifest.xml
9
10    <!-- user permissions for read and write files -->
11    <uses-permission android:name="android.permission.WRITE_EXTERNAL_STORAGE" />
11-->src/main/AndroidManifest.xml:7:5-8:67
11-->src/main/AndroidManifest.xml:8:9-65
12    <uses-permission android:name="android.permission.READ_EXTERNAL_STORAGE" />
12-->src/main/AndroidManifest.xml:9:5-10:66
12-->src/main/AndroidManifest.xml:10:9-64
13    <uses-permission
13-->src/main/AndroidManifest.xml:11:5-14:40
14        android:name="android.permission.MANAGE_EXTERNAL_STORAGE"
14-->src/main/AndroidManifest.xml:12:9-66
15        android:maxSdkVersion="28"
15-->src/main/AndroidManifest.xml:13:9-35
16        tools:ignore="ScopedStorage" />
16-->src/main/AndroidManifest.xml:14:9-37
17
18    <!-- permesso per l'utilizzo di NFC -->
19    <uses-permission android:name="android.permission.NFC" />
19-->src/main/AndroidManifest.xml:17:5-62
19-->src/main/AndroidManifest.xml:17:22-59
20
21</manifest>